<?xml version="1.0" encoding="UTF-8"?>
<testsuite xmlns:xsi="http://www.w3.org/2001/XMLSchema-instance" xsi:noNamespaceSchemaLocation="https://maven.apache.org/surefire/maven-surefire-plugin/xsd/surefire-test-report.xsd" name="com.TC5.app.AppTest" time="0.031" tests="1" errors="0" skipped="0" failures="0">
  <properties>
    <property name="java.specification.version" value="21"/>
    <property name="sun.cpu.isalist" value="amd64"/>
    <property name="sun.jnu.encoding" value="Cp1252"/>
    <property name="java.class.path" value="D:\Marwadi University\SEMESTER - 7\DEVOPS ESSENTIALS ( 01CE0717 )\Lab Practical\Practicals\Prac_2\firstmavenapp\target\test-classes;D:\Marwadi University\SEMESTER - 7\DEVOPS ESSENTIALS ( 01CE0717 )\Lab Practical\Practicals\Prac_2\firstmavenapp\target\classes;C:\Users\NANDAN\.m2\repository\junit\junit\4.11\junit-4.11.jar;C:\Users\NANDAN\.m2\repository\org\hamcrest\hamcrest-core\1.3\hamcrest-core-1.3.jar;"/>
    <property name="java.vm.vendor" value="Oracle Corporation"/>
    <property name="sun.arch.data.model" value="64"/>
    <property name="user.variant" value=""/>
    <property name="java.vendor.url" value="https://java.oracle.com/"/>
    <property name="user.timezone" value="Asia/Calcutta"/>
    <property name="os.name" value="Windows 11"/>
    <property name="java.vm.specification.version" value="21"/>
    <property name="sun.java.launcher" value="SUN_STANDARD"/>
    <property name="user.country" value="IN"/>
    <property name="sun.boot.library.path" value="C:\Program Files\Java\jdk-21\bin"/>
    <property name="sun.java.command" value="C:\Users\NANDAN\AppData\Local\Temp\surefire4888559758034007349\surefirebooter3894725329059971230.jar C:\Users\NANDAN\AppData\Local\Temp\surefire4888559758034007349 2024-07-29T10-30-21_993-jvmRun1 surefire15546562032415460528tmp surefire_013008824689103527634tmp"/>
    <property name="jdk.debug" value="release"/>
    <property name="surefire.test.class.path" value="D:\Marwadi University\SEMESTER - 7\DEVOPS ESSENTIALS ( 01CE0717 )\Lab Practical\Practicals\Prac_2\firstmavenapp\target\test-classes;D:\Marwadi University\SEMESTER - 7\DEVOPS ESSENTIALS ( 01CE0717 )\Lab Practical\Practicals\Prac_2\firstmavenapp\target\classes;C:\Users\NANDAN\.m2\repository\junit\junit\4.11\junit-4.11.jar;C:\Users\NANDAN\.m2\repository\org\hamcrest\hamcrest-core\1.3\hamcrest-core-1.3.jar;"/>
    <property name="sun.cpu.endian" value="little"/>
    <property name="user.home" value="C:\Users\NANDAN"/>
    <property name="user.language" value="en"/>
    <property name="java.specification.vendor" value="Oracle Corporation"/>
    <property name="java.version.date" value="2023-10-17"/>
    <property name="java.home" value="C:\Program Files\Java\jdk-21"/>
    <property name="file.separator" value="\"/>
    <property name="basedir" value="D:\Marwadi University\SEMESTER - 7\DEVOPS ESSENTIALS ( 01CE0717 )\Lab Practical\Practicals\Prac_2\firstmavenapp"/>
    <property name="java.vm.compressedOopsMode" value="Zero based"/>
    <property name="line.separator" value="&#10;"/>
    <property name="java.vm.specification.vendor" value="Oracle Corporation"/>
    <property name="java.specification.name" value="Java Platform API Specification"/>
    <property name="surefire.real.class.path" value="C:\Users\NANDAN\AppData\Local\Temp\surefire4888559758034007349\surefirebooter3894725329059971230.jar"/>
    <property name="user.script" value=""/>
    <property name="sun.management.compiler" value="HotSpot 64-Bit Tiered Compilers"/>
    <property name="java.runtime.version" value="21.0.1+12-LTS-29"/>
    <property name="user.name" value="NANDAN"/>
    <property name="stdout.encoding" value="Cp1252"/>
    <property name="path.separator" value=";"/>
    <property name="os.version" value="10.0"/>
    <property name="java.runtime.name" value="Java(TM) SE Runtime Environment"/>
    <property name="file.encoding" value="UTF-8"/>
    <property name="java.vm.name" value="Java HotSpot(TM) 64-Bit Server VM"/>
    <property name="localRepository" value="C:\Users\NANDAN\.m2\repository"/>
    <property name="java.vendor.url.bug" value="https://bugreport.java.com/bugreport/"/>
    <property name="java.io.tmpdir" value="C:\Users\NANDAN\AppData\Local\Temp\"/>
    <property name="java.version" value="21.0.1"/>
    <property name="user.dir" value="D:\Marwadi University\SEMESTER - 7\DEVOPS ESSENTIALS ( 01CE0717 )\Lab Practical\Practicals\Prac_2\firstmavenapp"/>
    <property name="os.arch" value="amd64"/>
    <property name="java.vm.specification.name" value="Java Virtual Machine Specification"/>
    <property name="sun.os.patch.level" value=""/>
    <property name="native.encoding" value="Cp1252"/>
    <property name="java.library.path" value="C:\Program Files\Java\jdk-21\bin;C:\WINDOWS\Sun\Java\bin;C:\WINDOWS\system32;C:\WINDOWS;C:\Program Files\Python312\Scripts\;C:\Program Files\Python312\;C:\Program Files\Common Files\Oracle\Java\javapath;C:\Windows\system32;C:\Windows;C:\Windows\System32\Wbem;C:\Windows\System32\WindowsPowerShell\v1.0\;C:\Windows\System32\OpenSSH\;C:\Program Files (x86)\NVIDIA Corporation\PhysX\Common;C:\Program Files\NVIDIA Corporation\NVIDIA NvDLISR;C:\WINDOWS\system32;C:\WINDOWS;C:\WINDOWS\System32\Wbem;C:\WINDOWS\System32\WindowsPowerShell\v1.0\;C:\WINDOWS\System32\OpenSSH\;C:\Program Files\Java\jdk-21\bin;C:\Program Files\Microsoft SQL Server\150\Tools\Binn\;C:\ProgramData\chocolatey\bin;C:\Program Files\nodejs\;C:\Users\NANDAN\AppData\Local\Pub\Cache\bin;C:\Program Files\Microsoft SQL Server\Client SDK\ODBC\110\Tools\Binn\;C:\xampp\php;C:\ProgramData\ComposerSetup\bin;C:\Program Files\Git\cmd;C:\Program Files\Cloudflare\Cloudflare WARP\;C:\Program Files\Docker\Docker\resources\bin;D:\Marwadi University\SEMESTER - 7\DEVOPS ESSENTIALS ( 01CE0717 )\Lab Practical\Practicals\apache-maven-3.9.8\bin;C:\src\flutter\bin;C:\Users\NANDAN\AppData\Local\Microsoft\WindowsApps;C:\MinGW\bin;C:\Users\NANDAN\AppData\Roaming\npm;C:\Users\NANDAN\AppData\Local\Pub\Cache\bin;C:\Users\NANDAN\AppData\Local\Programs\Microsoft VS Code\bin;C:\Users\NANDAN\AppData\Roaming\Composer\vendor\bin;C:\Program Files\Java\jdk-21\bin;."/>
    <property name="java.vm.info" value="mixed mode, sharing"/>
    <property name="stderr.encoding" value="Cp1252"/>
    <property name="java.vendor" value="Oracle Corporation"/>
    <property name="java.vm.version" value="21.0.1+12-LTS-29"/>
    <property name="sun.io.unicode.encoding" value="UnicodeLittle"/>
    <property name="java.class.version" value="65.0"/>
  </properties>
  <testcase name="shouldAnswerWithTrue" classname="com.TC5.app.AppTest" time="0"/>
</testsuite>